|--- feature_1 <= 127.50
|   |--- feature_7 <= 28.50
|   |   |--- feature_5 <= 30.95
|   |   |   |--- class: 0.0
|   |   |--- feature_5 >  30.95
|   |   |   |--- class: 0.0
|   |--- feature_7 >  28.50
|   |   |--- feature_5 <= 26.35
|   |   |   |--- class: 0.0
|   |   |--- feature_5 >  26.35
|   |   |   |--- class: 0.0
|--- feature_1 >  127.50
|   |--- feature_5 <= 29.95
|   |   |--- feature_1 <= 161.50
|   |   |   |--- class: 0.0
|   |   |--- feature_1 >  161.50
|   |   |   |--- class: 1.0
|   |--- feature_5 >  29.95
|   |   |--- feature_1 <= 157.50
|   |   |   |--- class: 1.0
|   |   |--- feature_1 >  157.50
|   |   |   |--- class: 1.0
